2021-09-19 00:05:09.386  INFO 9320 --- [restartedMain] l.m.community.CommunityApplication       : Starting CommunityApplication on DESKTOP-DJA3C8K with PID 9320 (E:\A_old_system_document\javaStudy\JavaProject\course\SSM\Projects_from_GitHub\community\community-bby\target\classes started by bby in E:\A_old_system_document\javaStudy\JavaProject\course\SSM\Projects_from_GitHub\community\community-bby)
2021-09-19 00:05:09.491  INFO 9320 --- [restartedMain] l.m.community.CommunityApplication       : No active profile set, falling back to default profiles: default
2021-09-19 00:05:09.723  INFO 9320 --- [restartedMain] .e.DevToolsPropertyDefaultsPostProcessor : Devtools property defaults active! Set 'spring.devtools.add-properties' to 'false' to disable
2021-09-19 00:05:09.724  INFO 9320 --- [restartedMain] .e.DevToolsPropertyDefaultsPostProcessor : For additional web related logging consider setting the 'logging.level.web' property to 'DEBUG'
2021-09-19 00:05:11.471  INFO 9320 --- [restartedMain] .s.d.r.c.RepositoryConfigurationDelegate : Multiple Spring Data modules found, entering strict repository configuration mode!
2021-09-19 00:05:11.475  INFO 9320 --- [restartedMain] .s.d.r.c.RepositoryConfigurationDelegate : Bootstrapping Spring Data repositories in DEFAULT mode.
2021-09-19 00:05:11.545  INFO 9320 --- [restartedMain] .s.d.r.c.RepositoryConfigurationDelegate : Finished Spring Data repository scanning in 37ms. Found 0 repository interfaces.
2021-09-19 00:05:14.065  INFO 9320 --- [restartedMain] trationDelegate$BeanPostProcessorChecker : Bean 'org.springframework.transaction.annotation.ProxyTransactionManagementConfiguration' of type [org.springframework.transaction.annotation.ProxyTransactionManagementConfiguration$$EnhancerBySpringCGLIB$$245d6f14] is not eligible for getting processed by all BeanPostProcessors (for example: not eligible for auto-proxying)
2021-09-19 00:05:15.206  INFO 9320 --- [restartedMain] o.s.b.w.embedded.tomcat.TomcatWebServer  : Tomcat initialized with port(s): 8887 (http)
2021-09-19 00:05:15.385  INFO 9320 --- [restartedMain] o.apache.catalina.core.StandardService   : Starting service [Tomcat]
2021-09-19 00:05:15.385  INFO 9320 --- [restartedMain] org.apache.catalina.core.StandardEngine  : Starting Servlet engine: [Apache Tomcat/9.0.17]
2021-09-19 00:05:15.617  INFO 9320 --- [restartedMain] o.a.c.c.C.[Tomcat].[localhost].[/]       : Initializing Spring embedded WebApplicationContext
2021-09-19 00:05:15.617  INFO 9320 --- [restartedMain] o.s.web.context.ContextLoader            : Root WebApplicationContext: initialization completed in 5892 ms
2021-09-19 00:05:15.969  INFO 9320 --- [restartedMain] c.a.d.s.b.a.DruidDataSourceAutoConfigure : Init DruidDataSource
2021-09-19 00:05:16.235  INFO 9320 --- [restartedMain] com.alibaba.druid.pool.DruidDataSource   : {dataSource-1} inited
2021-09-19 00:05:18.716  WARN 9320 --- [restartedMain] ConfigServletWebServerApplicationContext : Exception encountered during context initialization - cancelling refresh attempt: org.springframework.beans.factory.UnsatisfiedDependencyException: Error creating bean with name 'indexController': Unsatisfied dependency expressed through field 'tagCacheService'; nested exception is org.springframework.beans.factory.NoSuchBeanDefinitionException: No qualifying bean of type 'life.majiang.community.service.TagCacheService' available: expected at least 1 bean which qualifies as autowire candidate. Dependency annotations: {@org.springframework.beans.factory.annotation.Autowired(required=true)}
2021-09-19 00:05:18.759  INFO 9320 --- [restartedMain] com.alibaba.druid.pool.DruidDataSource   : {dataSource-1} closed
2021-09-19 00:05:18.765  INFO 9320 --- [restartedMain] o.apache.catalina.core.StandardService   : Stopping service [Tomcat]
2021-09-19 00:05:18.781  INFO 9320 --- [restartedMain] ConditionEvaluationReportLoggingListener : 

Error starting ApplicationContext. To display the conditions report re-run your application with 'debug' enabled.
2021-09-19 00:05:19.037 ERROR 9320 --- [restartedMain] o.s.b.d.LoggingFailureAnalysisReporter   : 

***************************
APPLICATION FAILED TO START
***************************

Description:

Field tagCacheService in life.majiang.community.Controller.IndexController required a bean of type 'life.majiang.community.service.TagCacheService' that could not be found.

The injection point has the following annotations:
	- @org.springframework.beans.factory.annotation.Autowired(required=true)


Action:

Consider defining a bean of type 'life.majiang.community.service.TagCacheService' in your configuration.

2021-09-19 00:06:15.423  INFO 16020 --- [restartedMain] l.m.community.CommunityApplication       : Starting CommunityApplication on DESKTOP-DJA3C8K with PID 16020 (E:\A_old_system_document\javaStudy\JavaProject\course\SSM\Projects_from_GitHub\community\community-bby\target\classes started by bby in E:\A_old_system_document\javaStudy\JavaProject\course\SSM\Projects_from_GitHub\community\community-bby)
2021-09-19 00:06:15.434  INFO 16020 --- [restartedMain] l.m.community.CommunityApplication       : No active profile set, falling back to default profiles: default
2021-09-19 00:06:15.630  INFO 16020 --- [restartedMain] .e.DevToolsPropertyDefaultsPostProcessor : Devtools property defaults active! Set 'spring.devtools.add-properties' to 'false' to disable
2021-09-19 00:06:15.632  INFO 16020 --- [restartedMain] .e.DevToolsPropertyDefaultsPostProcessor : For additional web related logging consider setting the 'logging.level.web' property to 'DEBUG'
2021-09-19 00:06:18.452  INFO 16020 --- [restartedMain] .s.d.r.c.RepositoryConfigurationDelegate : Multiple Spring Data modules found, entering strict repository configuration mode!
2021-09-19 00:06:18.481  INFO 16020 --- [restartedMain] .s.d.r.c.RepositoryConfigurationDelegate : Bootstrapping Spring Data repositories in DEFAULT mode.
2021-09-19 00:06:18.580  INFO 16020 --- [restartedMain] .s.d.r.c.RepositoryConfigurationDelegate : Finished Spring Data repository scanning in 48ms. Found 0 repository interfaces.
2021-09-19 00:06:20.186  INFO 16020 --- [restartedMain] trationDelegate$BeanPostProcessorChecker : Bean 'org.springframework.transaction.annotation.ProxyTransactionManagementConfiguration' of type [org.springframework.transaction.annotation.ProxyTransactionManagementConfiguration$$EnhancerBySpringCGLIB$$bc9d6055] is not eligible for getting processed by all BeanPostProcessors (for example: not eligible for auto-proxying)
2021-09-19 00:06:21.026  INFO 16020 --- [restartedMain] o.s.b.w.embedded.tomcat.TomcatWebServer  : Tomcat initialized with port(s): 8887 (http)
2021-09-19 00:06:21.057  INFO 16020 --- [restartedMain] o.apache.catalina.core.StandardService   : Starting service [Tomcat]
2021-09-19 00:06:21.058  INFO 16020 --- [restartedMain] org.apache.catalina.core.StandardEngine  : Starting Servlet engine: [Apache Tomcat/9.0.17]
2021-09-19 00:06:21.375  INFO 16020 --- [restartedMain] o.a.c.c.C.[Tomcat].[localhost].[/]       : Initializing Spring embedded WebApplicationContext
2021-09-19 00:06:21.376  INFO 16020 --- [restartedMain] o.s.web.context.ContextLoader            : Root WebApplicationContext: initialization completed in 5742 ms
2021-09-19 00:06:21.732  INFO 16020 --- [restartedMain] c.a.d.s.b.a.DruidDataSourceAutoConfigure : Init DruidDataSource
2021-09-19 00:06:21.965  INFO 16020 --- [restartedMain] com.alibaba.druid.pool.DruidDataSource   : {dataSource-1} inited
2021-09-19 00:06:25.462  INFO 16020 --- [restartedMain] o.s.s.concurrent.ThreadPoolTaskExecutor  : Initializing ExecutorService 'applicationTaskExecutor'
2021-09-19 00:06:26.075  INFO 16020 --- [restartedMain] o.s.b.a.w.s.WelcomePageHandlerMapping    : Adding welcome page template: index
2021-09-19 00:06:26.768  INFO 16020 --- [restartedMain] o.f.c.internal.license.VersionPrinter    : Flyway Community Edition 5.2.4 by Boxfuse
2021-09-19 00:06:26.990  INFO 16020 --- [restartedMain] o.f.c.internal.database.DatabaseFactory  : Database: jdbc:mysql://localhost:3306/community (MySQL 5.5)
2021-09-19 00:06:27.149  INFO 16020 --- [restartedMain] o.f.core.internal.command.DbValidate     : Successfully validated 17 migrations (execution time 00:00.049s)
2021-09-19 00:06:27.160  INFO 16020 --- [restartedMain] o.f.core.internal.command.DbMigrate      : Current version of schema `community`: 17
2021-09-19 00:06:27.161  INFO 16020 --- [restartedMain] o.f.core.internal.command.DbMigrate      : Schema `community` is up to date. No migration necessary.
2021-09-19 00:06:27.251  INFO 16020 --- [restartedMain] o.s.s.c.ThreadPoolTaskScheduler          : Initializing ExecutorService 'taskScheduler'
2021-09-19 00:06:27.448  INFO 16020 --- [restartedMain] o.s.b.d.a.OptionalLiveReloadServer       : LiveReload server is running on port 35729
2021-09-19 00:06:27.942  INFO 16020 --- [restartedMain] o.s.b.w.embedded.tomcat.TomcatWebServer  : Tomcat started on port(s): 8887 (http) with context path ''
2021-09-19 00:06:27.949  INFO 16020 --- [restartedMain] l.m.community.CommunityApplication       : Started CommunityApplication in 15.586 seconds (JVM running for 19.528)
2021-09-19 00:06:30.313  INFO 16020 --- [http-nio-8887-exec-1] o.a.c.c.C.[Tomcat].[localhost].[/]       : Initializing Spring DispatcherServlet 'dispatcherServlet'
2021-09-19 00:06:30.314  INFO 16020 --- [http-nio-8887-exec-1] o.s.web.servlet.DispatcherServlet        : Initializing Servlet 'dispatcherServlet'
2021-09-19 00:06:30.331  INFO 16020 --- [http-nio-8887-exec-1] o.s.web.servlet.DispatcherServlet        : Completed initialization in 17 ms
2021-09-19 00:06:30.998  INFO 16020 --- [http-nio-8887-exec-1] io.lettuce.core.EpollProvider            : Starting without optional epoll library
2021-09-19 00:06:31.003  INFO 16020 --- [http-nio-8887-exec-1] io.lettuce.core.KqueueProvider           : Starting without optional kqueue library
2021-09-19 00:06:35.986 DEBUG 16020 --- [http-nio-8887-exec-1] l.m.c.m.QuestionExtMapper.selectTop10    : ==>  Preparing: SELECT * FROM question ORDER BY (comment_count*10+view_count) DESC LIMIT 0,10 
2021-09-19 00:06:36.000 DEBUG 16020 --- [http-nio-8887-exec-1] l.m.c.m.QuestionExtMapper.selectTop10    : ==> Parameters: 
2021-09-19 00:06:36.026 DEBUG 16020 --- [http-nio-8887-exec-1] l.m.c.m.QuestionExtMapper.selectTop10    : <==      Total: 10
2021-09-19 00:06:49.058  INFO 16020 --- [http-nio-8887-exec-1] l.m.community.schedule.HotTagTasks       : hotTagSchedule start Sun Sep 19 00:06:49 CST 2021
2021-09-19 00:06:51.066 DEBUG 16020 --- [http-nio-8887-exec-1] l.m.c.m.Q.selectByExampleWithRowbounds   : ==>  Preparing: select ID, TITLE, GMT_CREATE, GMT_MODIFIED, CREATOR, COMMENT_COUNT, VIEW_COUNT, LIKE_COUNT, TAG, STICKY from QUESTION LIMIT ? 
2021-09-19 00:06:51.072 DEBUG 16020 --- [http-nio-8887-exec-1] l.m.c.m.Q.selectByExampleWithRowbounds   : ==> Parameters: 20(Integer)
2021-09-19 00:06:51.125 DEBUG 16020 --- [http-nio-8887-exec-1] l.m.c.m.Q.selectByExampleWithRowbounds   : <==      Total: 15
2021-09-19 00:07:05.157  INFO 16020 --- [Thread-32] o.s.s.c.ThreadPoolTaskScheduler          : Shutting down ExecutorService 'taskScheduler'
2021-09-19 00:07:05.160  INFO 16020 --- [Thread-32] o.s.s.concurrent.ThreadPoolTaskExecutor  : Shutting down ExecutorService 'applicationTaskExecutor'
2021-09-19 00:07:06.312  INFO 16020 --- [Thread-32] com.alibaba.druid.pool.DruidDataSource   : {dataSource-1} closed
2021-09-19 00:13:19.722  INFO 16308 --- [restartedMain] l.m.community.CommunityApplication       : Starting CommunityApplication on DESKTOP-DJA3C8K with PID 16308 (E:\A_old_system_document\javaStudy\JavaProject\course\SSM\Projects_from_GitHub\community\community-bby\target\classes started by bby in E:\A_old_system_document\javaStudy\JavaProject\course\SSM\Projects_from_GitHub\community\community-bby)
2021-09-19 00:13:19.730  INFO 16308 --- [restartedMain] l.m.community.CommunityApplication       : No active profile set, falling back to default profiles: default
2021-09-19 00:13:19.854  INFO 16308 --- [restartedMain] .e.DevToolsPropertyDefaultsPostProcessor : Devtools property defaults active! Set 'spring.devtools.add-properties' to 'false' to disable
2021-09-19 00:13:19.854  INFO 16308 --- [restartedMain] .e.DevToolsPropertyDefaultsPostProcessor : For additional web related logging consider setting the 'logging.level.web' property to 'DEBUG'
2021-09-19 00:13:22.495  INFO 16308 --- [restartedMain] .s.d.r.c.RepositoryConfigurationDelegate : Multiple Spring Data modules found, entering strict repository configuration mode!
2021-09-19 00:13:22.501  INFO 16308 --- [restartedMain] .s.d.r.c.RepositoryConfigurationDelegate : Bootstrapping Spring Data repositories in DEFAULT mode.
2021-09-19 00:13:22.580  INFO 16308 --- [restartedMain] .s.d.r.c.RepositoryConfigurationDelegate : Finished Spring Data repository scanning in 55ms. Found 0 repository interfaces.
2021-09-19 00:13:24.192  INFO 16308 --- [restartedMain] trationDelegate$BeanPostProcessorChecker : Bean 'org.springframework.transaction.annotation.ProxyTransactionManagementConfiguration' of type [org.springframework.transaction.annotation.ProxyTransactionManagementConfiguration$$EnhancerBySpringCGLIB$$b38f30bf] is not eligible for getting processed by all BeanPostProcessors (for example: not eligible for auto-proxying)
2021-09-19 00:13:25.114  INFO 16308 --- [restartedMain] o.s.b.w.embedded.tomcat.TomcatWebServer  : Tomcat initialized with port(s): 8887 (http)
2021-09-19 00:13:25.248  INFO 16308 --- [restartedMain] o.apache.catalina.core.StandardService   : Starting service [Tomcat]
2021-09-19 00:13:25.248  INFO 16308 --- [restartedMain] org.apache.catalina.core.StandardEngine  : Starting Servlet engine: [Apache Tomcat/9.0.17]
2021-09-19 00:13:25.474  INFO 16308 --- [restartedMain] o.a.c.c.C.[Tomcat].[localhost].[/]       : Initializing Spring embedded WebApplicationContext
2021-09-19 00:13:25.475  INFO 16308 --- [restartedMain] o.s.web.context.ContextLoader            : Root WebApplicationContext: initialization completed in 5620 ms
2021-09-19 00:13:25.733  INFO 16308 --- [restartedMain] c.a.d.s.b.a.DruidDataSourceAutoConfigure : Init DruidDataSource
2021-09-19 00:13:25.979  INFO 16308 --- [restartedMain] com.alibaba.druid.pool.DruidDataSource   : {dataSource-1} inited
2021-09-19 00:13:28.620  INFO 16308 --- [restartedMain] o.s.s.concurrent.ThreadPoolTaskExecutor  : Initializing ExecutorService 'applicationTaskExecutor'
2021-09-19 00:13:28.847  INFO 16308 --- [restartedMain] o.s.b.a.w.s.WelcomePageHandlerMapping    : Adding welcome page template: index
2021-09-19 00:13:29.435  INFO 16308 --- [restartedMain] o.f.c.internal.license.VersionPrinter    : Flyway Community Edition 5.2.4 by Boxfuse
2021-09-19 00:13:29.743  INFO 16308 --- [restartedMain] o.f.c.internal.database.DatabaseFactory  : Database: jdbc:mysql://localhost:3306/community (MySQL 5.5)
2021-09-19 00:13:29.909  INFO 16308 --- [restartedMain] o.f.core.internal.command.DbValidate     : Successfully validated 17 migrations (execution time 00:00.071s)
2021-09-19 00:13:29.926  INFO 16308 --- [restartedMain] o.f.core.internal.command.DbMigrate      : Current version of schema `community`: 17
2021-09-19 00:13:29.927  INFO 16308 --- [restartedMain] o.f.core.internal.command.DbMigrate      : Schema `community` is up to date. No migration necessary.
2021-09-19 00:13:30.026  INFO 16308 --- [restartedMain] o.s.s.c.ThreadPoolTaskScheduler          : Initializing ExecutorService 'taskScheduler'
2021-09-19 00:13:30.250  INFO 16308 --- [restartedMain] o.s.b.d.a.OptionalLiveReloadServer       : LiveReload server is running on port 35729
2021-09-19 00:13:30.415  INFO 16308 --- [restartedMain] o.s.b.w.embedded.tomcat.TomcatWebServer  : Tomcat started on port(s): 8887 (http) with context path ''
2021-09-19 00:13:30.421  INFO 16308 --- [restartedMain] l.m.community.CommunityApplication       : Started CommunityApplication in 11.684 seconds (JVM running for 15.907)
2021-09-19 00:13:37.746  INFO 16308 --- [http-nio-8887-exec-1] o.a.c.c.C.[Tomcat].[localhost].[/]       : Initializing Spring DispatcherServlet 'dispatcherServlet'
2021-09-19 00:13:37.747  INFO 16308 --- [http-nio-8887-exec-1] o.s.web.servlet.DispatcherServlet        : Initializing Servlet 'dispatcherServlet'
2021-09-19 00:13:37.771  INFO 16308 --- [http-nio-8887-exec-1] o.s.web.servlet.DispatcherServlet        : Completed initialization in 24 ms
2021-09-19 00:13:38.317  INFO 16308 --- [http-nio-8887-exec-1] io.lettuce.core.EpollProvider            : Starting without optional epoll library
2021-09-19 00:13:38.320  INFO 16308 --- [http-nio-8887-exec-1] io.lettuce.core.KqueueProvider           : Starting without optional kqueue library
2021-09-19 00:13:42.549  INFO 16308 --- [http-nio-8887-exec-1] l.m.community.schedule.HotTagTasks       : hotTagSchedule start Sun Sep 19 00:13:42 CST 2021
2021-09-19 00:13:42.629 DEBUG 16308 --- [http-nio-8887-exec-1] l.m.c.m.Q.selectByExampleWithRowbounds   : ==>  Preparing: select ID, TITLE, GMT_CREATE, GMT_MODIFIED, CREATOR, COMMENT_COUNT, VIEW_COUNT, LIKE_COUNT, TAG, STICKY from QUESTION LIMIT ? 
2021-09-19 00:13:42.653 DEBUG 16308 --- [http-nio-8887-exec-1] l.m.c.m.Q.selectByExampleWithRowbounds   : ==> Parameters: 20(Integer)
2021-09-19 00:13:42.690 DEBUG 16308 --- [http-nio-8887-exec-1] l.m.c.m.Q.selectByExampleWithRowbounds   : <==      Total: 15
2021-09-19 00:14:25.999 DEBUG 16308 --- [http-nio-8887-exec-1] l.m.c.m.Q.selectBySearch_COUNT           : ==>  Preparing: SELECT count(0) FROM QUESTION WHERE sticky = 0 
2021-09-19 00:14:25.999 DEBUG 16308 --- [http-nio-8887-exec-1] l.m.c.m.Q.selectBySearch_COUNT           : ==> Parameters: 
2021-09-19 00:14:26.002 DEBUG 16308 --- [http-nio-8887-exec-1] l.m.c.m.Q.selectBySearch_COUNT           : <==      Total: 1
2021-09-19 00:14:26.002 DEBUG 16308 --- [http-nio-8887-exec-1] l.m.c.m.Q.selectBySearch                 : ==>  Preparing: select * from QUESTION WHERE sticky = 0 order by gmt_create desc LIMIT ? 
2021-09-19 00:14:26.003 DEBUG 16308 --- [http-nio-8887-exec-1] l.m.c.m.Q.selectBySearch                 : ==> Parameters: 10(Integer)
2021-09-19 00:14:26.008 DEBUG 16308 --- [http-nio-8887-exec-1] l.m.c.m.Q.selectBySearch                 : <==      Total: 10
2021-09-19 00:14:27.353 DEBUG 16308 --- [http-nio-8887-exec-2] l.m.c.m.Q.selectBySearch_COUNT           : ==>  Preparing: SELECT count(0) FROM QUESTION WHERE sticky = 0 
2021-09-19 00:14:27.354 DEBUG 16308 --- [http-nio-8887-exec-2] l.m.c.m.Q.selectBySearch_COUNT           : ==> Parameters: 
2021-09-19 00:14:27.354 DEBUG 16308 --- [http-nio-8887-exec-2] l.m.c.m.Q.selectBySearch_COUNT           : <==      Total: 1
2021-09-19 00:14:27.355 DEBUG 16308 --- [http-nio-8887-exec-2] l.m.c.m.Q.selectBySearch                 : ==>  Preparing: select * from QUESTION WHERE sticky = 0 order by gmt_create desc LIMIT ? 
2021-09-19 00:14:27.356 DEBUG 16308 --- [http-nio-8887-exec-2] l.m.c.m.Q.selectBySearch                 : ==> Parameters: 10(Integer)
2021-09-19 00:14:27.358 DEBUG 16308 --- [http-nio-8887-exec-2] l.m.c.m.Q.selectBySearch                 : <==      Total: 10
2021-09-19 00:14:30.114 DEBUG 16308 --- [http-nio-8887-exec-4] l.m.c.m.Q.selectBySearch_COUNT           : ==>  Preparing: SELECT count(0) FROM QUESTION WHERE sticky = 0 
2021-09-19 00:14:30.115 DEBUG 16308 --- [http-nio-8887-exec-4] l.m.c.m.Q.selectBySearch_COUNT           : ==> Parameters: 
2021-09-19 00:14:30.116 DEBUG 16308 --- [http-nio-8887-exec-4] l.m.c.m.Q.selectBySearch_COUNT           : <==      Total: 1
2021-09-19 00:14:30.116 DEBUG 16308 --- [http-nio-8887-exec-4] l.m.c.m.Q.selectBySearch                 : ==>  Preparing: select * from QUESTION WHERE sticky = 0 order by gmt_create desc LIMIT ? 
2021-09-19 00:14:30.117 DEBUG 16308 --- [http-nio-8887-exec-4] l.m.c.m.Q.selectBySearch                 : ==> Parameters: 10(Integer)
2021-09-19 00:14:30.120 DEBUG 16308 --- [http-nio-8887-exec-4] l.m.c.m.Q.selectBySearch                 : <==      Total: 10
2021-09-19 00:14:30.926 DEBUG 16308 --- [http-nio-8887-exec-3] l.m.c.m.Q.selectBySearch_COUNT           : ==>  Preparing: SELECT count(0) FROM QUESTION WHERE sticky = 0 
2021-09-19 00:14:30.927 DEBUG 16308 --- [http-nio-8887-exec-3] l.m.c.m.Q.selectBySearch_COUNT           : ==> Parameters: 
2021-09-19 00:14:30.928 DEBUG 16308 --- [http-nio-8887-exec-3] l.m.c.m.Q.selectBySearch_COUNT           : <==      Total: 1
2021-09-19 00:14:30.928 DEBUG 16308 --- [http-nio-8887-exec-3] l.m.c.m.Q.selectBySearch                 : ==>  Preparing: select * from QUESTION WHERE sticky = 0 order by gmt_create desc LIMIT ? 
2021-09-19 00:14:30.929 DEBUG 16308 --- [http-nio-8887-exec-3] l.m.c.m.Q.selectBySearch                 : ==> Parameters: 10(Integer)
2021-09-19 00:14:30.931 DEBUG 16308 --- [http-nio-8887-exec-3] l.m.c.m.Q.selectBySearch                 : <==      Total: 10
2021-09-19 00:14:35.630 DEBUG 16308 --- [http-nio-8887-exec-5] l.m.c.m.Q.selectBySearch_COUNT           : ==>  Preparing: SELECT count(0) FROM QUESTION WHERE sticky = 0 
2021-09-19 00:14:35.630 DEBUG 16308 --- [http-nio-8887-exec-5] l.m.c.m.Q.selectBySearch_COUNT           : ==> Parameters: 
2021-09-19 00:14:35.631 DEBUG 16308 --- [http-nio-8887-exec-5] l.m.c.m.Q.selectBySearch_COUNT           : <==      Total: 1
2021-09-19 00:14:35.632 DEBUG 16308 --- [http-nio-8887-exec-5] l.m.c.m.Q.selectBySearch                 : ==>  Preparing: select * from QUESTION WHERE sticky = 0 order by gmt_create desc LIMIT ? 
2021-09-19 00:14:35.633 DEBUG 16308 --- [http-nio-8887-exec-5] l.m.c.m.Q.selectBySearch                 : ==> Parameters: 10(Integer)
2021-09-19 00:14:35.637 DEBUG 16308 --- [http-nio-8887-exec-5] l.m.c.m.Q.selectBySearch                 : <==      Total: 10
2021-09-19 00:15:24.322 DEBUG 16308 --- [http-nio-8887-exec-7] l.m.c.m.Q.selectBySearch_COUNT           : ==>  Preparing: SELECT count(0) FROM QUESTION WHERE sticky = 0 
2021-09-19 00:15:24.324 DEBUG 16308 --- [http-nio-8887-exec-7] l.m.c.m.Q.selectBySearch_COUNT           : ==> Parameters: 
2021-09-19 00:15:24.325 DEBUG 16308 --- [http-nio-8887-exec-7] l.m.c.m.Q.selectBySearch_COUNT           : <==      Total: 1
2021-09-19 00:15:24.326 DEBUG 16308 --- [http-nio-8887-exec-7] l.m.c.m.Q.selectBySearch                 : ==>  Preparing: select * from QUESTION WHERE sticky = 0 order by gmt_create desc LIMIT ? 
2021-09-19 00:15:24.326 DEBUG 16308 --- [http-nio-8887-exec-7] l.m.c.m.Q.selectBySearch                 : ==> Parameters: 10(Integer)
2021-09-19 00:15:24.364 DEBUG 16308 --- [http-nio-8887-exec-7] l.m.c.m.Q.selectBySearch                 : <==      Total: 10
2021-09-19 00:15:26.612  INFO 16308 --- [Thread-20] o.s.s.c.ThreadPoolTaskScheduler          : Shutting down ExecutorService 'taskScheduler'
2021-09-19 00:15:26.616  INFO 16308 --- [Thread-20] o.s.s.concurrent.ThreadPoolTaskExecutor  : Shutting down ExecutorService 'applicationTaskExecutor'
2021-09-19 00:15:27.805  INFO 16308 --- [Thread-20] com.alibaba.druid.pool.DruidDataSource   : {dataSource-1} closed
2021-09-19 00:15:30.271  INFO 16308 --- [restartedMain] l.m.community.CommunityApplication       : Starting CommunityApplication on DESKTOP-DJA3C8K with PID 16308 (E:\A_old_system_document\javaStudy\JavaProject\course\SSM\Projects_from_GitHub\community\community-bby\target\classes started by bby in E:\A_old_system_document\javaStudy\JavaProject\course\SSM\Projects_from_GitHub\community\community-bby)
2021-09-19 00:15:30.271  INFO 16308 --- [restartedMain] l.m.community.CommunityApplication       : No active profile set, falling back to default profiles: default
2021-09-19 00:15:30.966  INFO 16308 --- [restartedMain] .s.d.r.c.RepositoryConfigurationDelegate : Multiple Spring Data modules found, entering strict repository configuration mode!
2021-09-19 00:15:30.966  INFO 16308 --- [restartedMain] .s.d.r.c.RepositoryConfigurationDelegate : Bootstrapping Spring Data repositories in DEFAULT mode.
2021-09-19 00:15:30.988  INFO 16308 --- [restartedMain] .s.d.r.c.RepositoryConfigurationDelegate : Finished Spring Data repository scanning in 22ms. Found 0 repository interfaces.
2021-09-19 00:15:31.301  INFO 16308 --- [restartedMain] trationDelegate$BeanPostProcessorChecker : Bean 'org.springframework.transaction.annotation.ProxyTransactionManagementConfiguration' of type [org.springframework.transaction.annotation.ProxyTransactionManagementConfiguration$$EnhancerBySpringCGLIB$$b38f30bf] is not eligible for getting processed by all BeanPostProcessors (for example: not eligible for auto-proxying)
2021-09-19 00:15:31.826  INFO 16308 --- [restartedMain] o.s.b.w.embedded.tomcat.TomcatWebServer  : Tomcat initialized with port(s): 8887 (http)
2021-09-19 00:15:31.827  INFO 16308 --- [restartedMain] o.apache.catalina.core.StandardService   : Starting service [Tomcat]
2021-09-19 00:15:31.828  INFO 16308 --- [restartedMain] org.apache.catalina.core.StandardEngine  : Starting Servlet engine: [Apache Tomcat/9.0.17]
2021-09-19 00:15:31.909  INFO 16308 --- [restartedMain] o.a.c.c.C.[Tomcat].[localhost].[/]       : Initializing Spring embedded WebApplicationContext
2021-09-19 00:15:31.910  INFO 16308 --- [restartedMain] o.s.web.context.ContextLoader            : Root WebApplicationContext: initialization completed in 1633 ms
2021-09-19 00:15:32.288  INFO 16308 --- [restartedMain] c.a.d.s.b.a.DruidDataSourceAutoConfigure : Init DruidDataSource
2021-09-19 00:15:32.460  INFO 16308 --- [restartedMain] com.alibaba.druid.pool.DruidDataSource   : {dataSource-2} inited
2021-09-19 00:15:32.848  WARN 16308 --- [restartedMain] ConfigServletWebServerApplicationContext : Exception encountered during context initialization - cancelling refresh attempt: org.springframework.beans.factory.BeanCreationException: Error creating bean with name 'ESQuestionController' defined in file [E:\A_old_system_document\javaStudy\JavaProject\course\SSM\Projects_from_GitHub\community\community-bby\target\classes\life\majiang\community\Controller\ESQuestionController.class]: Post-processing of merged bean definition failed; nested exception is java.lang.IllegalStateException: Failed to introspect Class [life.majiang.community.Controller.ESQuestionController] from ClassLoader [org.springframework.boot.devtools.restart.classloader.RestartClassLoader@1fc080ac]
2021-09-19 00:15:32.849  INFO 16308 --- [restartedMain] com.alibaba.druid.pool.DruidDataSource   : {dataSource-2} closed
2021-09-19 00:15:32.851  INFO 16308 --- [restartedMain] o.apache.catalina.core.StandardService   : Stopping service [Tomcat]
2021-09-19 00:15:32.889  INFO 16308 --- [restartedMain] ConditionEvaluationReportLoggingListener : 

Error starting ApplicationContext. To display the conditions report re-run your application with 'debug' enabled.
2021-09-19 00:15:32.943 ERROR 16308 --- [restartedMain] o.s.boot.SpringApplication               : Application run failed

org.springframework.beans.factory.BeanCreationException: Error creating bean with name 'ESQuestionController' defined in file [E:\A_old_system_document\javaStudy\JavaProject\course\SSM\Projects_from_GitHub\community\community-bby\target\classes\life\majiang\community\Controller\ESQuestionController.class]: Post-processing of merged bean definition failed; nested exception is java.lang.IllegalStateException: Failed to introspect Class [life.majiang.community.Controller.ESQuestionController] from ClassLoader [org.springframework.boot.devtools.restart.classloader.RestartClassLoader@1fc080ac]
	at org.springframework.beans.factory.support.AbstractAutowireCapableBeanFactory.doCreateBean(AbstractAutowireCapableBeanFactory.java:570) ~[spring-beans-5.1.6.RELEASE.jar:5.1.6.RELEASE]
	at org.springframework.beans.factory.support.AbstractAutowireCapableBeanFactory.createBean(AbstractAutowireCapableBeanFactory.java:515) ~[spring-beans-5.1.6.RELEASE.jar:5.1.6.RELEASE]
	at org.springframework.beans.factory.support.AbstractBeanFactory.lambda$doGetBean$0(AbstractBeanFactory.java:320) ~[spring-beans-5.1.6.RELEASE.jar:5.1.6.RELEASE]
	at org.springframework.beans.factory.support.DefaultSingletonBeanRegistry.getSingleton(DefaultSingletonBeanRegistry.java:222) ~[spring-beans-5.1.6.RELEASE.jar:5.1.6.RELEASE]
	at org.springframework.beans.factory.support.AbstractBeanFactory.doGetBean(AbstractBeanFactory.java:318) ~[spring-beans-5.1.6.RELEASE.jar:5.1.6.RELEASE]
	at org.springframework.beans.factory.support.AbstractBeanFactory.getBean(AbstractBeanFactory.java:199) ~[spring-beans-5.1.6.RELEASE.jar:5.1.6.RELEASE]
	at org.springframework.beans.factory.support.DefaultListableBeanFactory.preInstantiateSingletons(DefaultListableBeanFactory.java:849) ~[spring-beans-5.1.6.RELEASE.jar:5.1.6.RELEASE]
	at org.springframework.context.support.AbstractApplicationContext.finishBeanFactoryInitialization(AbstractApplicationContext.java:877) ~[spring-context-5.1.6.RELEASE.jar:5.1.6.RELEASE]
	at org.springframework.context.support.AbstractApplicationContext.refresh(AbstractApplicationContext.java:549) ~[spring-context-5.1.6.RELEASE.jar:5.1.6.RELEASE]
	at org.springframework.boot.web.servlet.context.ServletWebServerApplicationContext.refresh(ServletWebServerApplicationContext.java:142) ~[spring-boot-2.1.4.RELEASE.jar:2.1.4.RELEASE]
	at org.springframework.boot.SpringApplication.refresh(SpringApplication.java:775) [spring-boot-2.1.4.RELEASE.jar:2.1.4.RELEASE]
	at org.springframework.boot.SpringApplication.refreshContext(SpringApplication.java:397) [spring-boot-2.1.4.RELEASE.jar:2.1.4.RELEASE]
	at org.springframework.boot.SpringApplication.run(SpringApplication.java:316) [spring-boot-2.1.4.RELEASE.jar:2.1.4.RELEASE]
	at org.springframework.boot.SpringApplication.run(SpringApplication.java:1260) [spring-boot-2.1.4.RELEASE.jar:2.1.4.RELEASE]
	at org.springframework.boot.SpringApplication.run(SpringApplication.java:1248) [spring-boot-2.1.4.RELEASE.jar:2.1.4.RELEASE]
	at life.majiang.community.CommunityApplication.main(CommunityApplication.java:16) [classes/:na]
	at sun.reflect.NativeMethodAccessorImpl.invoke0(Native Method) ~[na:1.8.0_201]
	at sun.reflect.NativeMethodAccessorImpl.invoke(NativeMethodAccessorImpl.java:62) ~[na:1.8.0_201]
	at sun.reflect.DelegatingMethodAccessorImpl.invoke(DelegatingMethodAccessorImpl.java:43) ~[na:1.8.0_201]
	at java.lang.reflect.Method.invoke(Method.java:498) ~[na:1.8.0_201]
	at org.springframework.boot.devtools.restart.RestartLauncher.run(RestartLauncher.java:49) [spring-boot-devtools-2.1.4.RELEASE.jar:2.1.4.RELEASE]
Caused by: java.lang.IllegalStateException: Failed to introspect Class [life.majiang.community.Controller.ESQuestionController] from ClassLoader [org.springframework.boot.devtools.restart.classloader.RestartClassLoader@1fc080ac]
	at org.springframework.util.ReflectionUtils.getDeclaredFields(ReflectionUtils.java:768) ~[spring-core-5.1.6.RELEASE.jar:5.1.6.RELEASE]
	at org.springframework.util.ReflectionUtils.doWithLocalFields(ReflectionUtils.java:700) ~[spring-core-5.1.6.RELEASE.jar:5.1.6.RELEASE]
	at org.springframework.context.annotation.CommonAnnotationBeanPostProcessor.buildResourceMetadata(CommonAnnotationBeanPostProcessor.java:365) ~[spring-context-5.1.6.RELEASE.jar:5.1.6.RELEASE]
	at org.springframework.context.annotation.CommonAnnotationBeanPostProcessor.findResourceMetadata(CommonAnnotationBeanPostProcessor.java:350) ~[spring-context-5.1.6.RELEASE.jar:5.1.6.RELEASE]
	at org.springframework.context.annotation.CommonAnnotationBeanPostProcessor.postProcessMergedBeanDefinition(CommonAnnotationBeanPostProcessor.java:298) ~[spring-context-5.1.6.RELEASE.jar:5.1.6.RELEASE]
	at org.springframework.beans.factory.support.AbstractAutowireCapableBeanFactory.applyMergedBeanDefinitionPostProcessors(AbstractAutowireCapableBeanFactory.java:1077) ~[spring-beans-5.1.6.RELEASE.jar:5.1.6.RELEASE]
	at org.springframework.beans.factory.support.AbstractAutowireCapableBeanFactory.doCreateBean(AbstractAutowireCapableBeanFactory.java:567) ~[spring-beans-5.1.6.RELEASE.jar:5.1.6.RELEASE]
	... 20 common frames omitted
Caused by: java.lang.NoClassDefFoundError: Llife/majiang/community/service/QuestionService;
	at java.lang.Class.getDeclaredFields0(Native Method) ~[na:1.8.0_201]
	at java.lang.Class.privateGetDeclaredFields(Class.java:2583) ~[na:1.8.0_201]
	at java.lang.Class.getDeclaredFields(Class.java:1916) ~[na:1.8.0_201]
	at org.springframework.util.ReflectionUtils.getDeclaredFields(ReflectionUtils.java:763) ~[spring-core-5.1.6.RELEASE.jar:5.1.6.RELEASE]
	... 26 common frames omitted
Caused by: java.lang.ClassNotFoundException: life.majiang.community.service.QuestionService
	at java.net.URLClassLoader.findClass(URLClassLoader.java:382) ~[na:1.8.0_201]
	at java.lang.ClassLoader.loadClass(ClassLoader.java:424) ~[na:1.8.0_201]
	at sun.misc.Launcher$AppClassLoader.loadClass(Launcher.java:349) ~[na:1.8.0_201]
	at java.lang.ClassLoader.loadClass(ClassLoader.java:357) ~[na:1.8.0_201]
	at org.springframework.boot.devtools.restart.classloader.RestartClassLoader.loadClass(RestartClassLoader.java:148) ~[spring-boot-devtools-2.1.4.RELEASE.jar:2.1.4.RELEASE]
	at java.lang.ClassLoader.loadClass(ClassLoader.java:357) ~[na:1.8.0_201]
	... 30 common frames omitted

2021-09-19 00:15:59.779  INFO 9704 --- [restartedMain] l.m.community.CommunityApplication       : Starting CommunityApplication on DESKTOP-DJA3C8K with PID 9704 (E:\A_old_system_document\javaStudy\JavaProject\course\SSM\Projects_from_GitHub\community\community-bby\target\classes started by bby in E:\A_old_system_document\javaStudy\JavaProject\course\SSM\Projects_from_GitHub\community\community-bby)
2021-09-19 00:15:59.784  INFO 9704 --- [restartedMain] l.m.community.CommunityApplication       : No active profile set, falling back to default profiles: default
2021-09-19 00:15:59.949  INFO 9704 --- [restartedMain] .e.DevToolsPropertyDefaultsPostProcessor : Devtools property defaults active! Set 'spring.devtools.add-properties' to 'false' to disable
2021-09-19 00:15:59.950  INFO 9704 --- [restartedMain] .e.DevToolsPropertyDefaultsPostProcessor : For additional web related logging consider setting the 'logging.level.web' property to 'DEBUG'
2021-09-19 00:16:02.339  INFO 9704 --- [restartedMain] .s.d.r.c.RepositoryConfigurationDelegate : Multiple Spring Data modules found, entering strict repository configuration mode!
2021-09-19 00:16:02.343  INFO 9704 --- [restartedMain] .s.d.r.c.RepositoryConfigurationDelegate : Bootstrapping Spring Data repositories in DEFAULT mode.
2021-09-19 00:16:02.408  INFO 9704 --- [restartedMain] .s.d.r.c.RepositoryConfigurationDelegate : Finished Spring Data repository scanning in 38ms. Found 0 repository interfaces.
2021-09-19 00:16:03.147  INFO 9704 --- [restartedMain] trationDelegate$BeanPostProcessorChecker : Bean 'org.springframework.transaction.annotation.ProxyTransactionManagementConfiguration' of type [org.springframework.transaction.annotation.ProxyTransactionManagementConfiguration$$EnhancerBySpringCGLIB$$2d275af] is not eligible for getting processed by all BeanPostProcessors (for example: not eligible for auto-proxying)
2021-09-19 00:16:03.922  INFO 9704 --- [restartedMain] o.s.b.w.embedded.tomcat.TomcatWebServer  : Tomcat initialized with port(s): 8887 (http)
2021-09-19 00:16:04.027  INFO 9704 --- [restartedMain] o.apache.catalina.core.StandardService   : Starting service [Tomcat]
2021-09-19 00:16:04.029  INFO 9704 --- [restartedMain] org.apache.catalina.core.StandardEngine  : Starting Servlet engine: [Apache Tomcat/9.0.17]
2021-09-19 00:16:04.403  INFO 9704 --- [restartedMain] o.a.c.c.C.[Tomcat].[localhost].[/]       : Initializing Spring embedded WebApplicationContext
2021-09-19 00:16:04.404  INFO 9704 --- [restartedMain] o.s.web.context.ContextLoader            : Root WebApplicationContext: initialization completed in 4454 ms
2021-09-19 00:16:04.691  INFO 9704 --- [restartedMain] c.a.d.s.b.a.DruidDataSourceAutoConfigure : Init DruidDataSource
2021-09-19 00:16:04.988  INFO 9704 --- [restartedMain] com.alibaba.druid.pool.DruidDataSource   : {dataSource-1} inited
2021-09-19 00:16:08.424  INFO 9704 --- [restartedMain] o.s.s.concurrent.ThreadPoolTaskExecutor  : Initializing ExecutorService 'applicationTaskExecutor'
2021-09-19 00:16:08.592  INFO 9704 --- [restartedMain] o.s.b.a.w.s.WelcomePageHandlerMapping    : Adding welcome page template: index
2021-09-19 00:16:08.868  INFO 9704 --- [restartedMain] o.f.c.internal.license.VersionPrinter    : Flyway Community Edition 5.2.4 by Boxfuse
2021-09-19 00:16:09.027  INFO 9704 --- [restartedMain] o.f.c.internal.database.DatabaseFactory  : Database: jdbc:mysql://localhost:3306/community (MySQL 5.5)
2021-09-19 00:16:09.149  INFO 9704 --- [restartedMain] o.f.core.internal.command.DbValidate     : Successfully validated 17 migrations (execution time 00:00.048s)
2021-09-19 00:16:09.162  INFO 9704 --- [restartedMain] o.f.core.internal.command.DbMigrate      : Current version of schema `community`: 17
2021-09-19 00:16:09.163  INFO 9704 --- [restartedMain] o.f.core.internal.command.DbMigrate      : Schema `community` is up to date. No migration necessary.
2021-09-19 00:16:09.212  INFO 9704 --- [restartedMain] o.s.s.c.ThreadPoolTaskScheduler          : Initializing ExecutorService 'taskScheduler'
2021-09-19 00:16:09.333  INFO 9704 --- [restartedMain] o.s.b.d.a.OptionalLiveReloadServer       : LiveReload server is running on port 35729
2021-09-19 00:16:09.407  INFO 9704 --- [restartedMain] o.s.b.w.embedded.tomcat.TomcatWebServer  : Tomcat started on port(s): 8887 (http) with context path ''
2021-09-19 00:16:09.410  INFO 9704 --- [restartedMain] l.m.community.CommunityApplication       : Started CommunityApplication in 10.67 seconds (JVM running for 13.754)
2021-09-19 00:16:11.982  INFO 9704 --- [http-nio-8887-exec-1] o.a.c.c.C.[Tomcat].[localhost].[/]       : Initializing Spring DispatcherServlet 'dispatcherServlet'
2021-09-19 00:16:11.983  INFO 9704 --- [http-nio-8887-exec-1] o.s.web.servlet.DispatcherServlet        : Initializing Servlet 'dispatcherServlet'
2021-09-19 00:16:12.001  INFO 9704 --- [http-nio-8887-exec-1] o.s.web.servlet.DispatcherServlet        : Completed initialization in 17 ms
2021-09-19 00:16:12.923 DEBUG 9704 --- [http-nio-8887-exec-1] l.m.c.m.Q.selectBySearch_COUNT           : ==>  Preparing: SELECT count(0) FROM QUESTION WHERE sticky = 0 
2021-09-19 00:16:12.985 DEBUG 9704 --- [http-nio-8887-exec-1] l.m.c.m.Q.selectBySearch_COUNT           : ==> Parameters: 
2021-09-19 00:16:13.017 DEBUG 9704 --- [http-nio-8887-exec-1] l.m.c.m.Q.selectBySearch_COUNT           : <==      Total: 1
2021-09-19 00:16:13.030 DEBUG 9704 --- [http-nio-8887-exec-1] l.m.c.m.Q.selectBySearch                 : ==>  Preparing: select * from QUESTION WHERE sticky = 0 order by gmt_create desc LIMIT ? 
2021-09-19 00:16:13.033 DEBUG 9704 --- [http-nio-8887-exec-1] l.m.c.m.Q.selectBySearch                 : ==> Parameters: 10(Integer)
2021-09-19 00:16:13.043 DEBUG 9704 --- [http-nio-8887-exec-1] l.m.c.m.Q.selectBySearch                 : <==      Total: 10
2021-09-19 00:16:14.365  INFO 9704 --- [http-nio-8887-exec-1] io.lettuce.core.EpollProvider            : Starting without optional epoll library
2021-09-19 00:16:14.374  INFO 9704 --- [http-nio-8887-exec-1] io.lettuce.core.KqueueProvider           : Starting without optional kqueue library
2021-09-19 00:16:22.830 DEBUG 9704 --- [http-nio-8887-exec-3] l.m.c.m.Q.selectBySearch_COUNT           : ==>  Preparing: SELECT count(0) FROM QUESTION WHERE sticky = 0 
2021-09-19 00:16:22.831 DEBUG 9704 --- [http-nio-8887-exec-3] l.m.c.m.Q.selectBySearch_COUNT           : ==> Parameters: 
2021-09-19 00:16:22.832 DEBUG 9704 --- [http-nio-8887-exec-3] l.m.c.m.Q.selectBySearch_COUNT           : <==      Total: 1
2021-09-19 00:16:22.833 DEBUG 9704 --- [http-nio-8887-exec-3] l.m.c.m.Q.selectBySearch                 : ==>  Preparing: select * from QUESTION WHERE sticky = 0 order by gmt_create desc LIMIT ? 
2021-09-19 00:16:22.833 DEBUG 9704 --- [http-nio-8887-exec-3] l.m.c.m.Q.selectBySearch                 : ==> Parameters: 10(Integer)
2021-09-19 00:16:22.842 DEBUG 9704 --- [http-nio-8887-exec-3] l.m.c.m.Q.selectBySearch                 : <==      Total: 10
2021-09-19 00:16:48.030 DEBUG 9704 --- [http-nio-8887-exec-3] l.m.c.m.Q.selectBySearch_COUNT           : ==>  Preparing: SELECT count(0) FROM QUESTION WHERE gmt_create > ? AND sticky = 0 
2021-09-19 00:16:48.031 DEBUG 9704 --- [http-nio-8887-exec-3] l.m.c.m.Q.selectBySearch_COUNT           : ==> Parameters: 1629389808026(Long)
2021-09-19 00:16:48.032 DEBUG 9704 --- [http-nio-8887-exec-3] l.m.c.m.Q.selectBySearch_COUNT           : <==      Total: 1
2021-09-19 00:16:48.033 DEBUG 9704 --- [http-nio-8887-exec-3] l.m.c.m.Q.selectBySearch                 : ==>  Preparing: select * from QUESTION WHERE gmt_create > ? and sticky = 0 order by comment_count desc LIMIT ? 
2021-09-19 00:16:48.034 DEBUG 9704 --- [http-nio-8887-exec-3] l.m.c.m.Q.selectBySearch                 : ==> Parameters: 1629389808026(Long), 10(Integer)
2021-09-19 00:16:48.037 DEBUG 9704 --- [http-nio-8887-exec-3] l.m.c.m.Q.selectBySearch                 : <==      Total: 10
2021-09-19 00:16:49.487 DEBUG 9704 --- [http-nio-8887-exec-4] l.m.c.m.Q.selectBySearch_COUNT           : ==>  Preparing: SELECT count(0) FROM QUESTION WHERE tag REGEXP ? AND gmt_create > ? AND sticky = 0 
2021-09-19 00:16:49.487 DEBUG 9704 --- [http-nio-8887-exec-4] l.m.c.m.Q.selectBySearch_COUNT           : ==> Parameters: php(String), 1629389809484(Long)
2021-09-19 00:16:49.489 DEBUG 9704 --- [http-nio-8887-exec-4] l.m.c.m.Q.selectBySearch_COUNT           : <==      Total: 1
2021-09-19 00:16:49.490 DEBUG 9704 --- [http-nio-8887-exec-4] l.m.c.m.Q.selectBySearch                 : ==>  Preparing: select * from QUESTION WHERE tag regexp ? and gmt_create > ? and sticky = 0 order by comment_count desc LIMIT ? 
2021-09-19 00:16:49.491 DEBUG 9704 --- [http-nio-8887-exec-4] l.m.c.m.Q.selectBySearch                 : ==> Parameters: php(String), 1629389809484(Long), 10(Integer)
2021-09-19 00:16:49.493 DEBUG 9704 --- [http-nio-8887-exec-4] l.m.c.m.Q.selectBySearch                 : <==      Total: 3
2021-09-19 00:16:50.600 DEBUG 9704 --- [http-nio-8887-exec-5] l.m.c.m.Q.selectBySearch_COUNT           : ==>  Preparing: SELECT count(0) FROM QUESTION WHERE tag REGEXP ? AND gmt_create > ? AND sticky = 0 
2021-09-19 00:16:50.601 DEBUG 9704 --- [http-nio-8887-exec-5] l.m.c.m.Q.selectBySearch_COUNT           : ==> Parameters: less(String), 1629389810596(Long)
2021-09-19 00:16:50.602 DEBUG 9704 --- [http-nio-8887-exec-5] l.m.c.m.Q.selectBySearch_COUNT           : <==      Total: 1
2021-09-19 00:16:50.603 DEBUG 9704 --- [http-nio-8887-exec-5] l.m.c.m.Q.selectBySearch                 : ==>  Preparing: select * from QUESTION WHERE tag regexp ? and gmt_create > ? and sticky = 0 order by comment_count desc LIMIT ? 
2021-09-19 00:16:50.603 DEBUG 9704 --- [http-nio-8887-exec-5] l.m.c.m.Q.selectBySearch                 : ==> Parameters: less(String), 1629389810596(Long), 10(Integer)
2021-09-19 00:16:50.604 DEBUG 9704 --- [http-nio-8887-exec-5] l.m.c.m.Q.selectBySearch                 : <==      Total: 2
2021-09-19 00:16:51.267 DEBUG 9704 --- [http-nio-8887-exec-6] l.m.c.m.Q.selectBySearch_COUNT           : ==>  Preparing: SELECT count(0) FROM QUESTION WHERE tag REGEXP ? AND gmt_create > ? AND sticky = 0 
2021-09-19 00:16:51.267 DEBUG 9704 --- [http-nio-8887-exec-6] l.m.c.m.Q.selectBySearch_COUNT           : ==> Parameters: spring(String), 1629389811266(Long)
2021-09-19 00:16:51.268 DEBUG 9704 --- [http-nio-8887-exec-6] l.m.c.m.Q.selectBySearch_COUNT           : <==      Total: 1
2021-09-19 00:16:51.269 DEBUG 9704 --- [http-nio-8887-exec-6] l.m.c.m.Q.selectBySearch                 : ==>  Preparing: select * from QUESTION WHERE tag regexp ? and gmt_create > ? and sticky = 0 order by comment_count desc LIMIT ? 
2021-09-19 00:16:51.269 DEBUG 9704 --- [http-nio-8887-exec-6] l.m.c.m.Q.selectBySearch                 : ==> Parameters: spring(String), 1629389811266(Long), 10(Integer)
2021-09-19 00:16:51.271 DEBUG 9704 --- [http-nio-8887-exec-6] l.m.c.m.Q.selectBySearch                 : <==      Total: 3
2021-09-19 00:16:51.879 DEBUG 9704 --- [http-nio-8887-exec-7] l.m.c.m.Q.selectBySearch_COUNT           : ==>  Preparing: SELECT count(0) FROM QUESTION WHERE tag REGEXP ? AND gmt_create > ? AND sticky = 0 
2021-09-19 00:16:51.880 DEBUG 9704 --- [http-nio-8887-exec-7] l.m.c.m.Q.selectBySearch_COUNT           : ==> Parameters: javascript(String), 1629389811877(Long)
2021-09-19 00:16:51.880 DEBUG 9704 --- [http-nio-8887-exec-7] l.m.c.m.Q.selectBySearch_COUNT           : <==      Total: 1
2021-09-19 00:16:51.881 DEBUG 9704 --- [http-nio-8887-exec-7] l.m.c.m.Q.selectBySearch                 : ==>  Preparing: select * from QUESTION WHERE tag regexp ? and gmt_create > ? and sticky = 0 order by comment_count desc LIMIT ? 
2021-09-19 00:16:51.881 DEBUG 9704 --- [http-nio-8887-exec-7] l.m.c.m.Q.selectBySearch                 : ==> Parameters: javascript(String), 1629389811877(Long), 10(Integer)
2021-09-19 00:16:51.883 DEBUG 9704 --- [http-nio-8887-exec-7] l.m.c.m.Q.selectBySearch                 : <==      Total: 4
2021-09-19 00:16:52.485 DEBUG 9704 --- [http-nio-8887-exec-8] l.m.c.m.Q.selectBySearch_COUNT           : ==>  Preparing: SELECT count(0) FROM QUESTION WHERE tag REGEXP ? AND gmt_create > ? AND sticky = 0 
2021-09-19 00:16:52.486 DEBUG 9704 --- [http-nio-8887-exec-8] l.m.c.m.Q.selectBySearch_COUNT           : ==> Parameters: java(String), 1629389812483(Long)
2021-09-19 00:16:52.487 DEBUG 9704 --- [http-nio-8887-exec-8] l.m.c.m.Q.selectBySearch_COUNT           : <==      Total: 1
2021-09-19 00:16:52.487 DEBUG 9704 --- [http-nio-8887-exec-8] l.m.c.m.Q.selectBySearch                 : ==>  Preparing: select * from QUESTION WHERE tag regexp ? and gmt_create > ? and sticky = 0 order by comment_count desc LIMIT ? 
2021-09-19 00:16:52.488 DEBUG 9704 --- [http-nio-8887-exec-8] l.m.c.m.Q.selectBySearch                 : ==> Parameters: java(String), 1629389812483(Long), 10(Integer)
2021-09-19 00:16:52.490 DEBUG 9704 --- [http-nio-8887-exec-8] l.m.c.m.Q.selectBySearch                 : <==      Total: 9
2021-09-19 00:17:14.878 DEBUG 9704 --- [http-nio-8887-exec-1] l.m.c.m.Q.selectBySearch_COUNT           : ==>  Preparing: SELECT count(0) FROM QUESTION WHERE sticky = 0 
2021-09-19 00:17:14.879 DEBUG 9704 --- [http-nio-8887-exec-1] l.m.c.m.Q.selectBySearch_COUNT           : ==> Parameters: 
2021-09-19 00:17:14.879 DEBUG 9704 --- [http-nio-8887-exec-1] l.m.c.m.Q.selectBySearch_COUNT           : <==      Total: 1
2021-09-19 00:17:14.880 DEBUG 9704 --- [http-nio-8887-exec-1] l.m.c.m.Q.selectBySearch                 : ==>  Preparing: select * from QUESTION WHERE sticky = 0 order by gmt_create desc LIMIT ? 
2021-09-19 00:17:14.880 DEBUG 9704 --- [http-nio-8887-exec-1] l.m.c.m.Q.selectBySearch                 : ==> Parameters: 10(Integer)
2021-09-19 00:17:14.884 DEBUG 9704 --- [http-nio-8887-exec-1] l.m.c.m.Q.selectBySearch                 : <==      Total: 10
2021-09-19 00:17:23.358 DEBUG 9704 --- [http-nio-8887-exec-2] l.m.c.m.Q.selectBySearch_COUNT           : ==>  Preparing: SELECT count(0) FROM QUESTION WHERE comment_count = 0 AND sticky = 0 
2021-09-19 00:17:23.359 DEBUG 9704 --- [http-nio-8887-exec-2] l.m.c.m.Q.selectBySearch_COUNT           : ==> Parameters: 
2021-09-19 00:17:23.360 DEBUG 9704 --- [http-nio-8887-exec-2] l.m.c.m.Q.selectBySearch_COUNT           : <==      Total: 1
2021-09-19 00:17:23.360 DEBUG 9704 --- [http-nio-8887-exec-2] l.m.c.m.Q.selectBySearch                 : ==>  Preparing: select * from QUESTION WHERE comment_count = 0 and sticky = 0 order by gmt_create desc LIMIT ? 
2021-09-19 00:17:23.360 DEBUG 9704 --- [http-nio-8887-exec-2] l.m.c.m.Q.selectBySearch                 : ==> Parameters: 10(Integer)
2021-09-19 00:17:23.362 DEBUG 9704 --- [http-nio-8887-exec-2] l.m.c.m.Q.selectBySearch                 : <==      Total: 10
